This is pdfTeX, Version 3.1415926-1.40.10 (TeX Live 2009/Debian) (format=pdflatex 2011.10.14)  15 JUL 2012 22:20
entering extended mode
 %&-line parsing enabled.
**\end

*
Runaway argument?
! Paragraph ended before \end was complete.
<to be read again> 
                   \par 
<*> 
    
? \end
Type <return> to proceed, S to scroll future error messages,
R to run without stopping, Q to run quietly,
I to insert something, 
1 or ... or 9 to ignore the next 1 to 9 tokens of input,
H for help, X to quit.
? q
OK, entering \batchmode...
! Emergency stop.
<*> 
    
*** (job aborted, no legal \end found)

 
Here is how much of TeX's memory you used:
 2 strings out of 495061
 101 string characters out of 1182620
 45108 words of memory out of 3000000
 3282 multiletter control sequences out of 15000+50000
 3640 words of font info for 14 fonts, out of 3000000 for 9000
 28 hyphenation exceptions out of 8191
 4i,0n,1p,7b,8s stack positions out of 5000i,500n,10000p,200000b,50000s
!  ==> Fatal error occurred, no output PDF file produced!
